#
# There is insufficient memory for the Java Runtime Environment to continue.
# Native memory allocation (mmap) failed to map 266338304 bytes. Error detail: G1 virtual space
# Possible reasons:
#   The system is out of physical RAM or swap space
#   This process is running with CompressedOops enabled, and the Java Heap may be blocking the growth of the native heap
# Possible solutions:
#   Reduce memory load on the system
#   Increase physical memory or swap space
#   Check if swap backing store is full
#   Decrease Java heap size (-Xmx/-Xms)
#   Decrease number of Java threads
#   Decrease Java thread stack sizes (-Xss)
#   Set larger code cache with -XX:ReservedCodeCacheSize=
#   JVM is running with Zero Based Compressed Oops mode in which the Java heap is
#     placed in the first 32GB address space. The Java Heap base address is the
#     maximum limit for the native heap growth. Please use -XX:HeapBaseMinAddress
#     to set the Java Heap base and to place the Java Heap above 32GB virtual address.
# This output file may be truncated or incomplete.
#
#  Out of Memory Error (os_windows.cpp:3564), pid=24952, tid=4264
#
# JRE version:  (24.0.1+9) (build )
# Java VM: OpenJDK 64-Bit Server VM (24.0.1+9-30, mixed mode, sharing, tiered, compressed oops, compressed class ptrs, g1 gc, windows-amd64)
# No core dump will be written. Minidumps are not enabled by default on client versions of Windows
#

---------------  S U M M A R Y ------------

Command Line: -javaagent:C:\Users\salem_sobhy\AppData\Local\JetBrains\IdeaIC2025.1\captureAgent\debugger-agent.jar=file:///C:/Users/SALEM_~1/AppData/Local/Temp/capture13228430414831439786.props -ea -Didea.test.cyclic.buffer.size=1048576 -javaagent:D:\intellij\IntelliJ IDEA Community Edition 2025.1.3\lib\idea_rt.jar=55995 -Dkotlinx.coroutines.debug.enable.creation.stack.trace=false -Ddebugger.agent.enable.coroutines=true -Dkotlinx.coroutines.debug.enable.flows.stack.trace=true -Dkotlinx.coroutines.debug.enable.mutable.state.flows.stack.trace=true -Dfile.encoding=UTF-8 -Dsun.stdout.encoding=UTF-8 -Dsun.stderr.encoding=UTF-8 com.intellij.rt.testng.RemoteTestNGStarter -usedefaultlisteners false -socket55994 @w@C:\Users\salem_sobhy\AppData\Local\Temp\idea_working_dirs_testng.tmp -temp C:\Users\salem_sobhy\AppData\Local\Temp\idea_testng.tmp

Host: Intel(R) Core(TM) i7-10750H CPU @ 2.60GHz, 12 cores, 15G,  Windows 11 , 64 bit Build 26100 (10.0.26100.8328)
Time: Tue May 26 02:27:19 2026 Egypt Daylight Time elapsed time: 0.023324 seconds (0d 0h 0m 0s)

---------------  T H R E A D  ---------------

Current thread (0x000001ee878be180):  JavaThread "Unknown thread" [_thread_in_vm, id=4264, stack(0x000000e404d00000,0x000000e404e00000) (1024K)]

Stack: [0x000000e404d00000,0x000000e404e00000]
Native frames: (J=compiled Java code, j=interpreted, Vv=VM code, C=native code)
V  [jvm.dll+0x730739]  (no source info available)
V  [jvm.dll+0x8d9b23]  (no source info available)
V  [jvm.dll+0x8dc00d]  (no source info available)
V  [jvm.dll+0x8dc683]  (no source info available)
V  [jvm.dll+0x2aa086]  (no source info available)
V  [jvm.dll+0x72cc65]  (no source info available)
V  [jvm.dll+0x72059a]  (no source info available)
V  [jvm.dll+0x390cea]  (no source info available)
V  [jvm.dll+0x3989f6]  (no source info available)
V  [jvm.dll+0x38523e]  (no source info available)
V  [jvm.dll+0x3854f8]  (no source info available)
V  [jvm.dll+0x35d0cc]  (no source info available)
V  [jvm.dll+0x35dd8d]  (no source info available)
V  [jvm.dll+0x89d28f]  (no source info available)
V  [jvm.dll+0x3f985d]  (no source info available)
V  [jvm.dll+0x8858e6]  (no source info available)
V  [jvm.dll+0x495f3e]  (no source info available)
V  [jvm.dll+0x497d11]  (no source info available)
C  [jli.dll+0x52a1]  (no source info available)
C  [ucrtbase.dll+0x37b0]  (no source info available)
C  [KERNEL32.DLL+0x2e957]  (no source info available)
C  [ntdll.dll+0x427c]  (no source info available)

Lock stack of current Java thread (top to bottom):


---------------  P R O C E S S  ---------------

Threads class SMR info:
_java_thread_list=0x00007ff9cfecf318, length=0, elements={
}

Java Threads: ( => current thread )
Total: 0

Other Threads:
  0x000001ee89c7f190 WorkerThread "GC Thread#0"                     [id=17436, stack(0x000000e404e00000,0x000000e404f00000) (1024K)]
  0x000001ee89c95c80 ConcurrentGCThread "G1 Main Marker"            [id=15512, stack(0x000000e404f00000,0x000000e405000000) (1024K)]
  0x000001ee89c96e40 WorkerThread "G1 Conc#0"                       [id=5000, stack(0x000000e405000000,0x000000e405100000) (1024K)]

[error occurred during error reporting (printing all threads), id 0xc0000005, EXCEPTION_ACCESS_VIOLATION (0xc0000005) at pc=0x00007ff9cf6014ea]
VM state: not at safepoint (not fully initialized)

VM Mutex/Monitor currently owned by a thread:  ([mutex/lock_event])
[0x00007ff9cff545b0] Heap_lock - owner thread: 0x000001ee878be180

Heap address: 0x0000000702c00000, size: 4052 MB, Compressed Oops mode: Zero based, Oop shift amount: 3

CDS archive(s) mapped at: [0x0000000000000000-0x0000000000000000-0x0000000000000000), size 0, SharedBaseAddress: 0x0000000800000000, ArchiveRelocationMode: 1.
UseCompressedClassPointers 1, UseCompactObjectHeaders 0
Narrow klass pointer bits 32, Max shift 3
Narrow klass base: 0xffffffffffffffff, Narrow klass shift: -1
Encoding Range: [0xffffffffffffffff - 0x000000007fffffff), (2147483648 bytes)
Klass Range:    [0x0000000000000000 - 0x0000000000000000), (0 bytes)
Klass ID Range:  [4294967295 - 0) (1)

GC Precious Log:
 CardTable entry size: 512
 Card Set container configuration: InlinePtr #cards 4 size 8 Array Of Cards #cards 16 size 48 Howl #buckets 8 coarsen threshold 3686 Howl Bitmap #cards 512 size 80 coarsen threshold 460 Card regions per heap region 1 cards per card region 4096

Heap:
 garbage-first heap   total reserved 4149248K, committed 0K, used 0K [0x0000000702c00000, 0x0000000800000000)
  region size 2048K, 0 young (0K), 0 survivors (0K)

[error occurred during error reporting (printing heap information), id 0xc0000005, EXCEPTION_ACCESS_VIOLATION (0xc0000005) at pc=0x00007ff9cfa1e3e9]
GC Heap History (0 events):
No events

Dll operation events (2 events):
Event: 0.016 Loaded shared library C:\Users\salem_sobhy\.jdks\openjdk-24.0.1\bin\java.dll
Event: 0.019 Loaded shared library C:\Users\salem_sobhy\.jdks\openjdk-24.0.1\bin\zip.dll

Deoptimization events (0 events):
No events

Classes loaded (0 events):
No events

Classes unloaded (0 events):
No events

Classes redefined (0 events):
No events

Internal exceptions (0 events):
No events

VM Operations (0 events):
No events

Memory protections (0 events):
No events

Nmethod flushes (0 events):
No events

Events (0 events):
No events


Dynamic libraries:
0x00007ff6c0b10000 - 0x00007ff6c0b1e000 	C:\Users\salem_sobhy\.jdks\openjdk-24.0.1\bin\java.exe
0x00007ffaa2560000 - 0x00007ffaa27c7000 	C:\WINDOWS\SYSTEM32\ntdll.dll
0x00007ffaa15e0000 - 0x00007ffaa16a9000 	C:\WINDOWS\System32\KERNEL32.DLL
0x00007ffa9f210000 - 0x00007ffa9f607000 	C:\WINDOWS\System32\KERNELBASE.dll
0x00007ffaa0190000 - 0x00007ffaa02db000 	C:\WINDOWS\System32\ucrtbase.dll
0x00007ffa94020000 - 0x00007ffa94036000 	C:\Users\salem_sobhy\.jdks\openjdk-24.0.1\bin\jli.dll
0x00007ffa96110000 - 0x00007ffa9612b000 	C:\Users\salem_sobhy\.jdks\openjdk-24.0.1\bin\VCRUNTIME140.dll
0x00007ffaa07c0000 - 0x00007ffaa0986000 	C:\WINDOWS\System32\USER32.dll
0x00007ffa9fe80000 - 0x00007ffa9fea7000 	C:\WINDOWS\System32\win32u.dll
0x00007ffa91ba0000 - 0x00007ffa91e32000 	C:\WINDOWS\WinSxS\amd64_microsoft.windows.common-controls_6595b64144ccf1df_6.0.26100.8457_none_3e0b2faee331e92d\COMCTL32.dll
0x00007ffaa03a0000 - 0x00007ffaa03cb000 	C:\WINDOWS\System32\GDI32.dll
0x00007ffaa02e0000 - 0x00007ffaa0389000 	C:\WINDOWS\System32\msvcrt.dll
0x00007ffa9f0e0000 - 0x00007ffa9f20c000 	C:\WINDOWS\System32\gdi32full.dll
0x00007ffaa0030000 - 0x00007ffaa00d3000 	C:\WINDOWS\System32\msvcp_win.dll
0x00007ffaa1210000 - 0x00007ffaa1242000 	C:\WINDOWS\System32\IMM32.DLL
0x00007ffa9c750000 - 0x00007ffa9c75c000 	C:\Users\salem_sobhy\.jdks\openjdk-24.0.1\bin\vcruntime140_1.dll
0x00007ffa733e0000 - 0x00007ffa7346e000 	C:\Users\salem_sobhy\.jdks\openjdk-24.0.1\bin\msvcp140.dll
0x00007ff9cf290000 - 0x00007ff9d0032000 	C:\Users\salem_sobhy\.jdks\openjdk-24.0.1\bin\server\jvm.dll
0x00007ffaa1fd0000 - 0x00007ffaa2086000 	C:\WINDOWS\System32\ADVAPI32.dll
0x00007ffaa20e0000 - 0x00007ffaa2187000 	C:\WINDOWS\System32\sechost.dll
0x00007ffaa2400000 - 0x00007ffaa2518000 	C:\WINDOWS\System32\RPCRT4.dll
0x00007ffaa16c0000 - 0x00007ffaa1740000 	C:\WINDOWS\System32\WS2_32.dll
0x00007ffa9dbb0000 - 0x00007ffa9dc0e000 	C:\WINDOWS\SYSTEM32\POWRPROF.dll
0x00007ffa93d70000 - 0x00007ffa93da6000 	C:\WINDOWS\SYSTEM32\WINMM.dll
0x00007ffa991f0000 - 0x00007ffa991fb000 	C:\WINDOWS\SYSTEM32\VERSION.dll
0x00007ffa9db90000 - 0x00007ffa9dba4000 	C:\WINDOWS\SYSTEM32\UMPDC.dll
0x00007ffa9de40000 - 0x00007ffa9de5b000 	C:\WINDOWS\SYSTEM32\kernel.appcore.dll
0x00007ffa94380000 - 0x00007ffa9438a000 	C:\Users\salem_sobhy\.jdks\openjdk-24.0.1\bin\jimage.dll
0x00007ffa92400000 - 0x00007ffa92642000 	C:\WINDOWS\SYSTEM32\DBGHELP.DLL
0x00007ffaa1250000 - 0x00007ffaa15d3000 	C:\WINDOWS\System32\combase.dll
0x00007ffaa19c0000 - 0x00007ffaa1a99000 	C:\WINDOWS\System32\OLEAUT32.dll
0x00007ffa8f7f0000 - 0x00007ffa8f82b000 	C:\WINDOWS\SYSTEM32\dbgcore.DLL
0x00007ffaa00e0000 - 0x00007ffaa0188000 	C:\WINDOWS\System32\bcryptPrimitives.dll
0x00007ffa9c760000 - 0x00007ffa9c76f000 	C:\Users\salem_sobhy\.jdks\openjdk-24.0.1\bin\instrument.dll
0x00007ffa90210000 - 0x00007ffa9022e000 	C:\Users\salem_sobhy\.jdks\openjdk-24.0.1\bin\java.dll
0x00007ffaa04a0000 - 0x00007ffaa0637000 	C:\WINDOWS\System32\ole32.dll
0x00007ffaa0a90000 - 0x00007ffaa11fe000 	C:\WINDOWS\System32\SHELL32.dll
0x00007ffa88610000 - 0x00007ffa88627000 	C:\Users\salem_sobhy\.jdks\openjdk-24.0.1\bin\zip.dll

JVMTI agents:
C:\Users\salem_sobhy\AppData\Local\JetBrains\IdeaIC2025.1\captureAgent\debugger-agent.jar path:none, loaded, not initialized, instrumentlib options:file:///C:/Users/SALEM_~1/AppData/Local/Temp/capture13228430414831439786.props
D:\intellij\IntelliJ IDEA Community Edition 2025.1.3\lib\idea_rt.jar path:none, loaded, not initialized, instrumentlib options:55995

dbghelp: loaded successfully - version: 4.0.5 - missing functions: none
symbol engine: initialized successfully - sym options: 0x614 - pdb path: .;C:\Users\salem_sobhy\.jdks\openjdk-24.0.1\bin;C:\WINDOWS\SYSTEM32;C:\WINDOWS\WinSxS\amd64_microsoft.windows.common-controls_6595b64144ccf1df_6.0.26100.8457_none_3e0b2faee331e92d;C:\Users\salem_sobhy\.jdks\openjdk-24.0.1\bin\server

VM Arguments:
jvm_args: -javaagent:C:\Users\salem_sobhy\AppData\Local\JetBrains\IdeaIC2025.1\captureAgent\debugger-agent.jar=file:///C:/Users/SALEM_~1/AppData/Local/Temp/capture13228430414831439786.props -ea -Didea.test.cyclic.buffer.size=1048576 -javaagent:D:\intellij\IntelliJ IDEA Community Edition 2025.1.3\lib\idea_rt.jar=55995 -Dkotlinx.coroutines.debug.enable.creation.stack.trace=false -Ddebugger.agent.enable.coroutines=true -Dkotlinx.coroutines.debug.enable.flows.stack.trace=true -Dkotlinx.coroutines.debug.enable.mutable.state.flows.stack.trace=true -Dfile.encoding=UTF-8 -Dsun.stdout.encoding=UTF-8 -Dsun.stderr.encoding=UTF-8 
java_command: com.intellij.rt.testng.RemoteTestNGStarter -usedefaultlisteners false -socket55994 @w@C:\Users\salem_sobhy\AppData\Local\Temp\idea_working_dirs_testng.tmp -temp C:\Users\salem_sobhy\AppData\Local\Temp\idea_testng.tmp
java_class_path (initial): D:\intellij\IntelliJ IDEA Community Edition 2025.1.3\lib\idea_rt.jar;D:\intellij\IntelliJ IDEA Community Edition 2025.1.3\plugins\testng\lib\testng-rt.jar;C:\Users\salem_sobhy\Desktop\Assignment  java\Automation_QC_Engineer_Assessment_Test\target\test-classes;C:\Users\salem_sobhy\Desktop\Assignment  java\Automation_QC_Engineer_Assessment_Test\target\classes;C:\Users\salem_sobhy\.m2\repository\org\seleniumhq\selenium\selenium-java\4.44.0\selenium-java-4.44.0.jar;C:\Users\salem_sobhy\.m2\repository\org\seleniumhq\selenium\selenium-api\4.44.0\selenium-api-4.44.0.jar;C:\Users\salem_sobhy\.m2\repository\org\jspecify\jspecify\1.0.0\jspecify-1.0.0.jar;C:\Users\salem_sobhy\.m2\repository\org\seleniumhq\selenium\selenium-chrome-driver\4.44.0\selenium-chrome-driver-4.44.0.jar;C:\Users\salem_sobhy\.m2\repository\com\google\auto\service\auto-service-annotations\1.1.1\auto-service-annotations-1.1.1.jar;C:\Users\salem_sobhy\.m2\repository\org\seleniumhq\selenium\selenium-chromium-driver\4.44.0\selenium-chromium-driver-4.44.0.jar;C:\Users\salem_sobhy\.m2\repository\org\seleniumhq\selenium\selenium-json\4.44.0\selenium-json-4.44.0.jar;C:\Users\salem_sobhy\.m2\repository\org\seleniumhq\selenium\selenium-manager\4.44.0\selenium-manager-4.44.0.jar;C:\Users\salem_sobhy\.m2\repository\org\seleniumhq\selenium\selenium-devtools-v146\4.44.0\selenium-devtools-v146-4.44.0.jar;C:\Users\salem_sobhy\.m2\repository\org\seleniumhq\selenium\selenium-devtools-v147\4.44.0\selenium-devtools-v147-4.44.0.jar;C:\Users\salem_sobhy\.m2\repository\org\seleniumhq\selenium\selenium-devtools-v148\4.44.0\selenium-devtools-v148-4.44.0.jar;C:\Users\salem_sobhy\.m2\repository\org\seleniumhq\selenium\selenium-edge-driver\4.44.0\selenium-edge-driver-4.44.0.jar;C:\Users\salem_sobhy\.m2\repository\org\seleniumhq\selenium\selenium-firefox-driver\4.44.0\selenium-firefox-driver-4.44.0.jar;C:\Users\salem_sobhy\.m2\repository\org\seleniumhq\selenium\selenium-http\4.44.0\selenium-http-4.44.0.jar;C:\Users\salem_sobhy\.m2\repository\org\seleniumhq\selenium\selenium-ie-driver\4.44.0\selenium-ie-driver-4.44.0.jar;C:\Users\salem_sobhy\.m2\repository\org\seleniumhq\selenium\selenium-remote-driver\4.44.0\selenium-remote-driver-4.44.0.jar;C:\Users\salem_sobhy\.m2\repository\com\google\guava\guava\33.6.0-jre\guava-33.6.0-jre.jar;C:\Users\salem_sobhy\.m2\repository\com\google\guava\failureaccess\1.0.3\failureaccess-1.0.3.jar;C:\Users\salem_sobhy\.m2\repository\com\google\guava\listenablefuture\9999.0-empty-to-avoid-conflict-with-guava\listenablefuture-9999.0-empty-to-avoid-conflict-with-guava.jar;C:\Users\salem_sobhy\.m2\repository\com\google\errorprone\error_prone_annotations\2.47.0\error_prone_annotations-2.47.0.jar;C:\Users\salem_sobhy\.m2\repository\com\google\j2objc\j2objc-annotations\3.1\j2objc-annotations-3.1.jar;C:\Users\salem_sobhy\.m2\repository\io\opentelemetry\opentelemetry-api\1.62.0\opentelemetry-api-1.62.0.jar;C:\Users\salem_sobhy\.m2\repository\io\opentelemetry\opentelemetry-context\1.62.0\opentelemetry-context-1.62.0.jar;C:\Users\salem_sobhy\.m2\repository\io\opentelemetry\opentelemetry-common\1.62.0\opentelemetry-common-1.62.0.jar;C:\Users\salem_sobhy\.m2\repository\io\opentelemetry\opentelemetry-exporter-logging\1.62.0\opentelemetry-exporter-logging-1.62.0.jar;C:\Users\salem_sobhy\.m2\repository\io\opentelemetry\opentelemetry-sdk-common\1.62.0\opentelemetry-sdk-common-1.62.0.jar;C:\Users\salem_sobhy\.m2\repository\io\opentelemetry\opentelemetry-sdk-extension-autoconfigure-spi\1.62.0\opentelemetry-sdk-extension-autoconfigure-spi-1.62.0.jar;C:\Users\salem_sobhy\.m2\repository\io\opentelemetry\opentelemetry-sdk-extension-autoconfigure\1.62.0\opentelemetry-sdk-extension-autoconfigure-1.62.0.jar;C:\Users\salem_sobhy\.m2\repository\io\opentelemetry\opentelemetry-sdk-trace\1.62.0\opentelemetry-sdk-trace-1.62.0.jar;C:\Users\salem_sobhy\.m2\repository\io\opentelemetry\opentelemetry-sdk\1.62.0\opentelemetry-sdk-1.62.0.jar;C:\Users\salem_sobhy\.m2\repository\io\opentelemetry\opentelemetry-sdk-metrics\1.62.0\opentelemetry-sdk-metrics-1.62.0.jar;C:\Users\salem_sobhy\.m2\repository\io\opentelemetry\opentelemetry-sdk-logs\1.62.0\opentelemetry-sdk-logs-1.62.0.jar;C:\Users\salem_sobhy\.m2\repository\net\bytebuddy\byte-buddy\1.18.8-jdk5\byte-buddy-1.18.8-jdk5.jar;C:\Users\salem_sobhy\.m2\repository\org\seleniumhq\selenium\selenium-os\4.44.0\selenium-os-4.44.0.jar;C:\Users\salem_sobhy\.m2\repository\org\seleniumhq\selenium\selenium-safari-driver\4.44.0\selenium-safari-driver-4.44.0.jar;C:\Users\salem_sobhy\.m2\repository\org\seleniumhq\selenium\selenium-support\4.44.0\selenium-support-4.44.0.jar;C:\Users\salem_sobhy\.m2\repository\org\testng\testng\7.11.0\testng-7.11.0.jar;C:\Users\salem_sobhy\.m2\repository\org\slf4j\slf4j-api\2.0.16\slf4j-api-2.0.16.jar;C:\Users\salem_sobhy\.m2\repository\org\jcommander\jcommander\1.83\jcommander-1.83.jar;C:\Users\salem_sobhy\.m2\repository\org\webjars\jquery\3.7.1\jquery-3.7.1.jar
Launcher Type: SUN_STANDARD

[Global flags]
     intx CICompilerCount                          = 4                                         {product} {ergonomic}
     uint ConcGCThreads                            = 3                                         {product} {ergonomic}
     uint G1ConcRefinementThreads                  = 10                                        {product} {ergonomic}
   size_t G1HeapRegionSize                         = 2097152                                   {product} {ergonomic}
   size_t InitialHeapSize                          = 266338304                                 {product} {ergonomic}
   size_t MarkStackSize                            = 4194304                                   {product} {ergonomic}
   size_t MarkStackSizeMax                         = 536870912                                 {product} {ergonomic}
   size_t MaxHeapSize                              = 4248829952                                {product} {ergonomic}
   size_t MinHeapDeltaBytes                        = 2097152                                   {product} {ergonomic}
   size_t MinHeapSize                              = 8388608                                   {product} {ergonomic}
    uintx NonNMethodCodeHeapSize                   = 5832704                                {pd product} {ergonomic}
    uintx NonProfiledCodeHeapSize                  = 122945536                              {pd product} {ergonomic}
    uintx ProfiledCodeHeapSize                     = 122880000                              {pd product} {ergonomic}
    uintx ReservedCodeCacheSize                    = 251658240                              {pd product} {ergonomic}
     bool SegmentedCodeCache                       = true                                      {product} {ergonomic}
   size_t SoftMaxHeapSize                          = 4248829952                             {manageable} {ergonomic}
     bool UseCompressedOops                        = true                           {product lp64_product} {ergonomic}
     bool UseG1GC                                  = true                                      {product} {ergonomic}
     bool UseLargePagesIndividualAllocation        = false                                  {pd product} {ergonomic}

Logging:
Log output configuration:
 #0: stdout all=warning uptime,level,tags foldmultilines=false
 #1: stderr all=off uptime,level,tags foldmultilines=false

Environment Variables:
PATH=C:\Program Files (x86)\Common Files\Oracle\Java\javapath;C:\mingw64\bin;C:\WINDOWS\system32;C:\WINDOWS;C:\WINDOWS\System32\Wbem;C:\WINDOWS\System32\WindowsPowerShell\v1.0\;C:\WINDOWS\System32\OpenSSH\;C:\Program Files\dotnet\;C:\Program Files (x86)\Windows Kits\8.1\Windows Performance Toolkit\;D:\Microsoft VS Code\bin;C:\WINDOWS\system32;C:\WINDOWS;C:\WINDOWS\System32\Wbem;C:\WINDOWS\System32\WindowsPowerShell\v1.0\;C:\WINDOWS\System32\OpenSSH\;C:\Program Files\NVIDIA Corporation\NVIDIA app\NvDLISR;C:\Program Files\Microchip\xc8\v2.50\bin;C:\Program Files\doxygen\bin;C:\Program Files\Git\cmd;C:\Program Files\Microsoft SQL Server\170\Tools\Binn\;C:\Program Files\Microsoft SQL Server\Client SDK\ODBC\170\Tools\Binn\;C:\Program Files\Cloudflare\Cloudflare WARP\;C:\Program Files\MySQL\MySQL Shell 8.0\bin\;C:\Users\salem_sobhy\AppData\Local\Microsoft\WindowsApps;;D:\intellij\IntelliJ IDEA Community Edition 2025.1.3\bin;;C:\Users\salem_sobhy\.dotnet\tools
USERNAME=salem_sobhy
OS=Windows_NT
PROCESSOR_IDENTIFIER=Intel64 Family 6 Model 165 Stepping 2, GenuineIntel
TMP=C:\Users\SALEM_~1\AppData\Local\Temp
TEMP=C:\Users\SALEM_~1\AppData\Local\Temp




Periodic native trim disabled

---------------  S Y S T E M  ---------------

OS:
 Windows 11 , 64 bit Build 26100 (10.0.26100.8328)
OS uptime: 0 days 18:12 hours

CPU: total 12 (initial active 12) (6 cores per cpu, 2 threads per core) family 6 model 165 stepping 2 microcode 0xe2, cx8, cmov, fxsr, ht, mmx, 3dnowpref, sse, sse2, sse3, ssse3, sse4.1, sse4.2, popcnt, lzcnt, tsc, tscinvbit, avx, avx2, aes, erms, clmul, bmi1, bmi2, adx, fma, vzeroupper, clflush, clflushopt, rdtscp, f16c, pku
Processor Information for the first 12 processors :
  Max Mhz: 2592, Current Mhz: 2592, Mhz Limit: 2592

Memory: 4k page, system-wide physical 16205M (1134M free)
TotalPageFile size 20171M (AvailPageFile size 35M)
current process WorkingSet (physical memory assigned to process): 15M, peak: 15M
current process commit charge ("private bytes"): 65M, peak: 318M

vm_info: OpenJDK 64-Bit Server VM (24.0.1+9-30) for windows-amd64 JRE (24.0.1+9-30), built on 2025-03-05T07:23:45Z with MS VC++ 17.6 (VS2022)

END.
